<?xml version="1.0" encoding="UTF-8"?>
<!-- Generated by org.testng.reporters.JUnitReportReporter -->
<testsuite hostname="User-PC" name="testScripts.SearchScenario" tests="2" failures="0" timestamp="23 Apr 2017 05:31:49 GMT" time="90.992" errors="0">
  <testcase name="searchBook" time="38.595" classname="testScripts.SearchScenario"/>
  <testcase name="searchBook" time="52.397" classname="testScripts.SearchScenario"/>
</testsuite> <!-- testScripts.SearchScenario -->
